This is pdfTeX, Version 3.1415926-2.5-1.40.14 (MiKTeX 2.9) (preloaded format=pdflatex 2014.2.18)  18 MAR 2014 15:30
entering extended mode
**v2-acmlarge-sample.tex
(C:\Users\LabUser\Documents\ME2055\HW-4\v2-acmlarge\v2-acmlarge-sample.tex
LaTeX2e <2011/06/27>
Babel <v3.8m> and hyphenation patterns for english, afrikaans, ancientgreek, ar
abic, armenian, assamese, basque, bengali, bokmal, bulgarian, catalan, coptic, 
croatian, czech, danish, dutch, esperanto, estonian, farsi, finnish, french, ga
lician, german, german-x-2013-05-26, greek, gujarati, hindi, hungarian, iceland
ic, indonesian, interlingua, irish, italian, kannada, kurmanji, latin, latvian,
 lithuanian, malayalam, marathi, mongolian, mongolianlmc, monogreek, ngerman, n
german-x-2013-05-26, nynorsk, oriya, panjabi, pinyin, polish, portuguese, roman
ian, russian, sanskrit, serbian, slovak, slovenian, spanish, swedish, swissgerm
an, tamil, telugu, turkish, turkmen, ukenglish, ukrainian, uppersorbian, usengl
ishmax, welsh, loaded.
(C:\Users\LabUser\Documents\ME2055\HW-4\v2-acmlarge\acmlarge.cls
Document Class: acmlarge 
(C:\Users\LabUser\Documents\ME2055\HW-4\v2-acmlarge\url.sty
\Urlmuskip=\muskip10
Package: url 2006/04/12  ver 3.3  Verb mode for urls, etc.
)



\tempdimen=\dimen102
\temptxtwd=\dimen103
\normaltextheight=\dimen104
\normaltextheight=\dimen105
\blindfoliodrop=\dimen106
\tempbox=\box26
\c@part=\count79
\c@section=\count80
\c@subsection=\count81
\c@subsubsection=\count82
\c@paragraph=\count83
\c@secnumbookdepth=\count84
\enumdim=\dimen107
\c@theorem=\count85
\c@figure=\count86
\c@table=\count87
\belowcaptionskip=\skip41
\tbbox=\box27
\tabledim=\dimen108
\@narrowfig=\dimen109
\@nfigbox=\box28
\@nfcapbox=\box29
\@abstract=\box30
\@terms=\box31
\@keywords=\box32
\@firstpg=\count88
\@lastpg=\count89
\@totalpg=\count90
\bibindent=\dimen110
LaTeX Info: Redefining \cal on input line 1435.
(D:\miketex1\tex\latex\base\latexsym.sty
Package: latexsym 1998/08/17 v2.2e Standard LaTeX package (lasy symbols)
\symlasy=\mathgroup4
LaTeX Font Info:    Overwriting symbol font `lasy' in version `bold'
(Font)                  U/lasy/m/n --> U/lasy/b/n on input line 47.
)
(D:\miketex1\tex\latex\graphics\graphicx.sty
Package: graphicx 1999/02/16 v1.0f Enhanced LaTeX Graphics (DPC,SPQR)

(D:\miketex1\tex\latex\graphics\keyval.sty
Package: keyval 1999/03/16 v1.13 key=value parser (DPC)
\KV@toks@=\toks14
)
(D:\miketex1\tex\latex\graphics\graphics.sty
Package: graphics 2009/02/05 v1.0o Standard LaTeX Graphics (DPC,SPQR)

(D:\miketex1\tex\latex\graphics\trig.sty
Package: trig 1999/03/16 v1.09 sin cos tan (DPC)
)
(D:\miketex1\tex\latex\00miktex\graphics.cfg
File: graphics.cfg 2007/01/18 v1.5 graphics configuration of teTeX/TeXLive
)
Package graphics Info: Driver file: pdftex.def on input line 91.

(D:\miketex1\tex\latex\pdftex-def\pdftex.def
File: pdftex.def 2011/05/27 v0.06d Graphics/color for pdfTeX

(D:\miketex1\tex\generic\oberdiek\infwarerr.sty
Package: infwarerr 2010/04/08 v1.3 Providing info/warning/error messages (HO)
)
(D:\miketex1\tex\generic\oberdiek\ltxcmds.sty
Package: ltxcmds 2011/11/09 v1.22 LaTeX kernel commands for general use (HO)
)
\Gread@gobject=\count91
))
\Gin@req@height=\dimen111
\Gin@req@width=\dimen112
)
(D:\miketex1\tex\latex\graphics\color.sty
Package: color 2005/11/14 v1.0j Standard LaTeX Color (DPC)

(D:\miketex1\tex\latex\00miktex\color.cfg
File: color.cfg 2007/01/18 v1.5 color configuration of teTeX/TeXLive
)
Package color Info: Driver file: pdftex.def on input line 130.
))
(C:\Users\LabUser\Documents\ME2055\HW-4\v2-acmlarge\algorithm2e.sty
Package: algorithm2e 2008/00/00 v3.10 algorithms environments
\c@AlgoLine=\count92

(D:\miketex1\tex\latex\base\ifthen.sty
Package: ifthen 2001/05/26 v1.1c Standard LaTeX ifthen package (DPC)
) (D:\miketex1\tex\latex\tools\xspace.sty
Package: xspace 2009/10/20 v1.13 Space after command names (DPC,MH)
) (D:\miketex1\tex\latex\ltxmisc\relsize.sty
Package: relsize 2003/07/04 ver 3.1


Package relsize Warning: Failed to get list of font sizes.
(relsize)                Falling back to old definition. on input line 81.

)
********************************************************
Package `algorithm2e' Release 4.01 -- december 14 2009 --
- algorithm2e-announce@lirmm.fr mailing list for announcement about releases
- algorithm2e-discussion@lirmm.fr mailing list for discussion about package
subscribe by emailing sympa@lirmm.fr with 'subscribe <list> <firstname name>'
- Author: Christophe Fiorio (fiorio@lirmm.fr)
********************************************************
\skiptotal=\skip42
\skiplinenumber=\skip43
\skiprule=\skip44
\skiphlne=\skip45
\skiptext=\skip46
\skiplength=\skip47
\algomargin=\skip48
\skipalgocfslide=\skip49
\algowidth=\dimen113
\inoutsize=\dimen114
\inoutline=\dimen115
\interspacetitleruled=\dimen116
\interspacealgoruled=\dimen117
\interspacetitleboxruled=\dimen118
\algocf@inoutbox=\box33
\algocf@inputbox=\box34
\AlCapSkip=\skip50
\AlCapHSkip=\skip51
\algocf@nlbox=\box35
\algocf@hangingbox=\box36
\algocf@capbox=\box37
\algoheightruledefault=\skip52
\algoheightrule=\skip53
\algotitleheightruledefault=\skip54
\algotitleheightrule=\skip55
\c@algocfline=\count93
\c@algocfproc=\count94
\c@algocf=\count95
\algocf@algoframe=\box38
\algocf@algobox=\box39
) (D:\miketex1\tex\latex\listings\listings.sty
\lst@mode=\count96
\lst@gtempboxa=\box40
\lst@token=\toks15
\lst@length=\count97
\lst@currlwidth=\dimen119
\lst@column=\count98
\lst@pos=\count99
\lst@lostspace=\dimen120
\lst@width=\dimen121
\lst@newlines=\count100
\lst@lineno=\count101
\abovecaptionskip=\skip56
\belowcaptionskip=\skip57
\lst@maxwidth=\dimen122

(D:\miketex1\tex\latex\listings\lstmisc.sty
File: lstmisc.sty 2013/08/26 1.5b (Carsten Heinz)
\c@lstnumber=\count102
\lst@skipnumbers=\count103
\lst@framebox=\box41
)
(D:\miketex1\tex\latex\listings\listings.cfg
File: listings.cfg 2013/08/26 1.5b listings configuration
))
Package: listings 2013/08/26 1.5b (Carsten Heinz)

(D:\miketex1\tex\latex\amsmath\amsmath.sty
Package: amsmath 2013/01/14 v2.14 AMS math features
\@mathmargin=\skip58

For additional information on amsmath, use the `?' option.
(D:\miketex1\tex\latex\amsmath\amstext.sty
Package: amstext 2000/06/29 v2.01

(D:\miketex1\tex\latex\amsmath\amsgen.sty
File: amsgen.sty 1999/11/30 v2.0
\@emptytoks=\toks16
\ex@=\dimen123
))
(D:\miketex1\tex\latex\amsmath\amsbsy.sty
Package: amsbsy 1999/11/29 v1.2d
\pmbraise@=\dimen124
)
(D:\miketex1\tex\latex\amsmath\amsopn.sty
Package: amsopn 1999/12/14 v2.01 operator names
)
\inf@bad=\count104
LaTeX Info: Redefining \frac on input line 210.
\uproot@=\count105
\leftroot@=\count106
LaTeX Info: Redefining \overline on input line 306.
\classnum@=\count107
\DOTSCASE@=\count108
LaTeX Info: Redefining \ldots on input line 378.
LaTeX Info: Redefining \dots on input line 381.
LaTeX Info: Redefining \cdots on input line 466.
\Mathstrutbox@=\box42
\strutbox@=\box43
\big@size=\dimen125
LaTeX Font Info:    Redeclaring font encoding OML on input line 566.
LaTeX Font Info:    Redeclaring font encoding OMS on input line 567.
\macc@depth=\count109
\c@MaxMatrixCols=\count110
\dotsspace@=\muskip11
\c@parentequation=\count111
\dspbrk@lvl=\count112
\tag@help=\toks17
\row@=\count113
\column@=\count114
\maxfields@=\count115
\andhelp@=\toks18
\eqnshift@=\dimen126
\alignsep@=\dimen127
\tagshift@=\dimen128
\tagwidth@=\dimen129
\totwidth@=\dimen130
\lineht@=\dimen131
\@envbody=\toks19
\multlinegap=\skip59
\multlinetaggap=\skip60
\mathdisplay@stack=\toks20
LaTeX Info: Redefining \[ on input line 2665.
LaTeX Info: Redefining \] on input line 2666.
)
(C:\Users\LabUser\Documents\ME2055\HW-4\v2-acmlarge\v2-acmlarge-sample.aux

LaTeX Warning: Label `figur' multiply defined.


LaTeX Warning: Label `figur' multiply defined.


LaTeX Warning: Label `figur' multiply defined.


LaTeX Warning: Label `figur' multiply defined.


LaTeX Warning: Label `figur' multiply defined.

)
LaTeX Font Info:    Checking defaults for OML/cmm/m/it on input line 68.
LaTeX Font Info:    ... okay on input line 68.
LaTeX Font Info:    Checking defaults for T1/cmr/m/n on input line 68.
LaTeX Font Info:    ... okay on input line 68.
LaTeX Font Info:    Checking defaults for OT1/cmr/m/n on input line 68.
LaTeX Font Info:    ... okay on input line 68.
LaTeX Font Info:    Checking defaults for OMS/cmsy/m/n on input line 68.
LaTeX Font Info:    ... okay on input line 68.
LaTeX Font Info:    Checking defaults for OMX/cmex/m/n on input line 68.
LaTeX Font Info:    ... okay on input line 68.
LaTeX Font Info:    Checking defaults for U/cmr/m/n on input line 68.
LaTeX Font Info:    ... okay on input line 68.
\bibhang=\skip61
 (D:\miketex1\tex\context\base\supp-pdf.mkii
[Loading MPS to PDF converter (version 2006.09.02).]
\scratchcounter=\count116
\scratchdimen=\dimen132
\scratchbox=\box44
\nofMPsegments=\count117
\nofMParguments=\count118
\everyMPshowfont=\toks21
\MPscratchCnt=\count119
\MPscratchDim=\dimen133
\MPnumerator=\count120
\makeMPintoPDFobject=\count121
\everyMPtoPDFconversion=\toks22
)
\c@lstlisting=\count122


LaTeX Font Warning: Font shape `OT1/cmr/m/n' in size <18> not available
(Font)              size <17.28> substituted on input line 72.

LaTeX Font Info:    Try loading font information for U+lasy on input line 78.
(D:\miketex1\tex\latex\base\ulasy.fd
File: ulasy.fd 1998/08/17 v2.2e LaTeX symbol font definitions
) <1.jpg, id=1, 348.55219pt x 146.04562pt>
File: 1.jpg Graphic file (type jpg)

<use 1.jpg>
Package pdftex.def Info: 1.jpg used on input line 85.
(pdftex.def)             Requested size: 256.0748pt x 107.301pt.

Underfull \hbox (badness 10000) in paragraph at lines 96--98

 []


Overfull \vbox (73.96626pt too high) has occurred while \output is active []


[1{C:/Users/LabUser/AppData/Local/MiKTeX/2.9/pdftex/config/pdftex.map}
Non-PDF special ignored!

 <C:/Users/LabUser/Documents/ME2055/HW-4/v2-acmlarge/1.jpg>]
Underfull \hbox (badness 10000) in paragraph at lines 130--131

 []

<bcts.jpg, id=17, 361.35pt x 322.95656pt>
File: bcts.jpg Graphic file (type jpg)
 <use bcts.jpg>
Package pdftex.def Info: bcts.jpg used on input line 152.
(pdftex.def)             Requested size: 142.26378pt x 127.15002pt.

<lw.jpg, id=18, 361.35pt x 322.95656pt>
File: lw.jpg Graphic file (type jpg)
 <use lw.jpg>
Package pdftex.def Info: lw.jpg used on input line 154.
(pdftex.def)             Requested size: 142.26378pt x 127.15002pt.

<upwind.jpg, id=19, 361.35pt x 322.95656pt>
File: upwind.jpg Graphic file (type jpg)
 <use upwind.jpg>
Package pdftex.def Info: upwind.jpg used on input line 156.
(pdftex.def)             Requested size: 142.26378pt x 127.15002pt.
 [2]
<marching_btcs.jpg, id=27, 929.72343pt x 824.32968pt>
File: marching_btcs.jpg Graphic file (type jpg)
 <use marching_btcs.jpg>
Package pdftex.def Info: marching_btcs.jpg used on input line 169.
(pdftex.def)             Requested size: 142.26378pt x 126.1346pt.

<marching_lw.jpg, id=28, 926.71219pt x 822.82407pt>
File: marching_lw.jpg Graphic file (type jpg)
 <use marching_lw.jpg>
Package pdftex.def Info: marching_lw.jpg used on input line 171.
(pdftex.def)             Requested size: 142.26378pt x 126.30598pt.

<marching_upwind.jpg, id=29, 928.21782pt x 824.32968pt>
File: marching_upwind.jpg Graphic file (type jpg)

<use marching_upwind.jpg>
Package pdftex.def Info: marching_upwind.jpg used on input line 173.
(pdftex.def)             Requested size: 142.26378pt x 126.33586pt.
 <bcts(2).jpg, id=30, 359.09157pt x 322.95656pt>
File: bcts(2).jpg Graphic file (type jpg)

<use bcts(2).jpg>
Package pdftex.def Info: bcts(2).jpg used on input line 188.
(pdftex.def)             Requested size: 142.26378pt x 127.94835pt.
 <lw(2).jpg, id=31, 361.35pt x 322.95656pt>
File: lw(2).jpg Graphic file (type jpg)
 <use lw(2).jpg>
Package pdftex.def Info: lw(2).jpg used on input line 190.
(pdftex.def)             Requested size: 142.26378pt x 127.15002pt.

<upwind(2).jpg, id=32, 353.06906pt x 322.95656pt>
File: upwind(2).jpg Graphic file (type jpg)
 <use upwind(2).jpg>
Package pdftex.def Info: upwind(2).jpg used on input line 192.
(pdftex.def)             Requested size: 142.26378pt x 130.13141pt.

<marching_btcs(2).jpg, id=33, 933.4875pt x 822.07124pt>
File: marching_btcs(2).jpg Graphic file (type jpg)

<use marching_btcs(2).jpg>
Package pdftex.def Info: marching_btcs(2).jpg used on input line 207.
(pdftex.def)             Requested size: 142.26378pt x 125.27473pt.

<marching_lw(2).jpg, id=34, 928.21782pt x 816.80156pt>
File: marching_lw(2).jpg Graphic file (type jpg)

<use marching_lw(2).jpg>
Package pdftex.def Info: marching_lw(2).jpg used on input line 209.
(pdftex.def)             Requested size: 142.26378pt x 125.1821pt.

<marching_upwind(2).jpg, id=35, 926.71219pt x 817.55438pt>
File: marching_upwind(2).jpg Graphic file (type jpg)

<use marching_upwind(2).jpg>
Package pdftex.def Info: marching_upwind(2).jpg used on input line 211.
(pdftex.def)             Requested size: 142.26378pt x 125.49709pt.
 [3 <C:/Users/LabUser/Documents/ME2055/HW-4/v2-acmlarge/bcts.jpg> <C:/Users/Lab
User/Documents/ME2055/HW-4/v2-acmlarge/lw.jpg> <C:/Users/LabUser/Documents/ME20
55/HW-4/v2-acmlarge/upwind.jpg> <C:/Users/LabUser/Documents/ME2055/HW-4/v2-acml
arge/marching_btcs.jpg> <C:/Users/LabUser/Documents/ME2055/HW-4/v2-acmlarge/mar
ching_lw.jpg> <C:/Users/LabUser/Documents/ME2055/HW-4/v2-acmlarge/marching_upwi
nd.jpg> <C:/Users/LabUser/Documents/ME2055/HW-4/v2-acmlarge/bcts(2).jpg> <C:/Us
ers/LabUser/Documents/ME2055/HW-4/v2-acmlarge/lw(2).jpg> <C:/Users/LabUser/Docu
ments/ME2055/HW-4/v2-acmlarge/upwind(2).jpg>]
<bcts(3).jpg, id=39, 361.35pt x 322.95656pt>
File: bcts(3).jpg Graphic file (type jpg)
 <use bcts(3).jpg>
Package pdftex.def Info: bcts(3).jpg used on input line 228.
(pdftex.def)             Requested size: 142.26378pt x 127.15002pt.

<lw(3).jpg, id=40, 361.35pt x 322.95656pt>
File: lw(3).jpg Graphic file (type jpg)
 <use lw(3).jpg>
Package pdftex.def Info: lw(3).jpg used on input line 230.
(pdftex.def)             Requested size: 142.26378pt x 127.15002pt.

<upwind(3).jpg, id=41, 361.35pt x 322.95656pt>
File: upwind(3).jpg Graphic file (type jpg)
 <use upwind(3).jpg>
Package pdftex.def Info: upwind(3).jpg used on input line 232.
(pdftex.def)             Requested size: 142.26378pt x 127.15002pt.

<marching_btcs(3).jpg, id=42, 926.71219pt x 827.34094pt>
File: marching_btcs(3).jpg Graphic file (type jpg)

<use marching_btcs(3).jpg>
Package pdftex.def Info: marching_btcs(3).jpg used on input line 249.
(pdftex.def)             Requested size: 142.26378pt x 126.99934pt.

<marching_lw(3).jpg, id=43, 931.22906pt x 825.83531pt>
File: marching_lw(3).jpg Graphic file (type jpg)

<use marching_lw(3).jpg>
Package pdftex.def Info: marching_lw(3).jpg used on input line 251.
(pdftex.def)             Requested size: 142.26378pt x 126.16336pt.

<marching_upwind(3).jpg, id=44, 902.6222pt x 804.75656pt>
File: marching_upwind(3).jpg Graphic file (type jpg)

<use marching_upwind(3).jpg>
Package pdftex.def Info: marching_upwind(3).jpg used on input line 253.
(pdftex.def)             Requested size: 142.26378pt x 126.83578pt.
 (D:\miketex1\tex\latex\listings\lstlang1.sty
File: lstlang1.sty 2013/08/26 1.5b listings language file
)
(D:\miketex1\tex\latex\listings\lstlang1.sty
File: lstlang1.sty 2013/08/26 1.5b listings language file
) [4 <C:/Users/LabUser/Documents/ME2055/HW-4/v2-acmlarge/marching_btcs(2).jpg> 
<C:/Users/LabUser/Documents/ME2055/HW-4/v2-acmlarge/marching_lw(2).jpg> <C:/Use
rs/LabUser/Documents/ME2055/HW-4/v2-acmlarge/marching_upwind(2).jpg> <C:/Users/
LabUser/Documents/ME2055/HW-4/v2-acmlarge/bcts(3).jpg> <C:/Users/LabUser/Docume
nts/ME2055/HW-4/v2-acmlarge/lw(3).jpg> <C:/Users/LabUser/Documents/ME2055/HW-4/
v2-acmlarge/upwind(3).jpg>]
LaTeX Font Info:    Try loading font information for OMS+cmr on input line 296.


(D:\miketex1\tex\latex\base\omscmr.fd
File: omscmr.fd 1999/05/25 v2.5h Standard LaTeX font definitions
)
LaTeX Font Info:    Font shape `OMS/cmr/m/n' in size <10> not available
(Font)              Font shape `OMS/cmsy/m/n' tried instead on input line 296.
 [5 <C:/Users/LabUser/Documents/ME2055/HW-4/v2-acmlarge/marching_btcs(3).jpg> <
C:/Users/LabUser/Documents/ME2055/HW-4/v2-acmlarge/marching_lw(3).jpg> <C:/User
s/LabUser/Documents/ME2055/HW-4/v2-acmlarge/marching_upwind(3).jpg>]
LaTeX Font Info:    Try loading font information for OML+cmr on input line 302.

 (D:\miketex1\tex\latex\base\omlcmr.fd
File: omlcmr.fd 1999/05/25 v2.5h Standard LaTeX font definitions
)
LaTeX Font Info:    Font shape `OML/cmr/m/n' in size <10> not available
(Font)              Font shape `OML/cmm/m/it' tried instead on input line 302.

Underfull \vbox (badness 10000) has occurred while \output is active []

 [6]
Underfull \vbox (badness 10000) has occurred while \output is active []

 [7]
Underfull \vbox (badness 10000) has occurred while \output is active []

 [8]
Underfull \vbox (badness 10000) has occurred while \output is active []

 [9]
[10] (C:\Users\LabUser\Documents\ME2055\HW-4\v2-acmlarge\v2-acmlarge-sample.aux
)

LaTeX Font Warning: Size substitutions with differences
(Font)              up to 0.72pt have occurred.


LaTeX Warning: There were multiply-defined labels.

 ) 
Here is how much of TeX's memory you used:
 4831 strings out of 493921
 62726 string characters out of 3153692
 193269 words of memory out of 3000000
 8069 multiletter control sequences out of 15000+200000
 10901 words of font info for 42 fonts, out of 3000000 for 9000
 841 hyphenation exceptions out of 8191
 34i,12n,51p,574b,1696s stack positions out of 5000i,500n,10000p,200000b,50000s
<D:/miketex1/fonts/type1/public/amsfonts/cm/cmbx10.pfb><D:/miketex1/fonts/typ
e1/public/amsfonts/cm/cmbx12.pfb><D:/miketex1/fonts/type1/public/amsfonts/cm/cm
bx8.pfb><D:/miketex1/fonts/type1/public/amsfonts/cm/cmmi10.pfb><D:/miketex1/fon
ts/type1/public/amsfonts/cm/cmmi7.pfb><D:/miketex1/fonts/type1/public/amsfonts/
cm/cmr10.pfb><D:/miketex1/fonts/type1/public/amsfonts/cm/cmr17.pfb><D:/miketex1
/fonts/type1/public/amsfonts/cm/cmr6.pfb><D:/miketex1/fonts/type1/public/amsfon
ts/cm/cmr7.pfb><D:/miketex1/fonts/type1/public/amsfonts/cm/cmr8.pfb><D:/miketex
1/fonts/type1/public/amsfonts/cm/cmss10.pfb><D:/miketex1/fonts/type1/public/ams
fonts/cm/cmss9.pfb><D:/miketex1/fonts/type1/public/amsfonts/cm/cmsy10.pfb><D:/m
iketex1/fonts/type1/public/amsfonts/cm/cmsy7.pfb><D:/miketex1/fonts/type1/publi
c/amsfonts/cm/cmti10.pfb>
Output written on v2-acmlarge-sample.pdf (10 pages, 2101229 bytes).
PDF statistics:
 114 PDF objects out of 1000 (max. 8388607)
 0 named destinations out of 1000 (max. 500000)
 96 words of extra memory for PDF output out of 10000 (max. 10000000)

